<?xml version="1.0" encoding="UTF-8"?>
<testng-results ignored="0" total="2" passed="2" failed="0" skipped="0">
  <reporter-output>
  </reporter-output>
  <suite started-at="2023-07-25T00:04:29 IST" name="Surefire suite" finished-at="2023-07-25T00:04:59 IST" duration-ms="29976">
    <groups>
    </groups>
    <test started-at="2023-07-25T00:04:29 IST" name="Surefire test" finished-at="2023-07-25T00:04:59 IST" duration-ms="29976">
      <class name="parallel.testparalell">
        <test-method signature="test1()[pri:0, instance:parallel.testparalell@49912c99]" started-at="2023-07-25T00:04:29 IST" name="test1" finished-at="2023-07-25T00:04:55 IST" duration-ms="25470" status="PASS">
          <reporter-output>
          </reporter-output>
        </test-method> <!-- test1 -->
        <test-method signature="test2()[pri:0, instance:parallel.testparalell@49912c99]" started-at="2023-07-25T00:04:55 IST" name="test2" finished-at="2023-07-25T00:04:59 IST" duration-ms="4431" status="PASS">
          <reporter-output>
          </reporter-output>
        </test-method> <!-- test2 -->
      </class> <!-- parallel.testparalell -->
    </test> <!-- Surefire test -->
  </suite> <!-- Surefire suite -->
</testng-results>
