<?xml version="1.0" encoding="UTF-8"?>
<testng-results ignored="0" total="1" passed="1" failed="0" skipped="0">
  <reporter-output>
  </reporter-output>
  <suite started-at="2023-07-22T11:24:41 IST" name="My test suite" finished-at="2023-07-22T11:25:01 IST" duration-ms="20374">
    <groups>
    </groups>
    <test started-at="2023-07-22T11:24:41 IST" name="My Test" finished-at="2023-07-22T11:25:01 IST" duration-ms="20374">
      <class name="parallel.BaseClass">
        <test-method signature="test1()[pri:0, instance:parallel.BaseClass@6c779568]" started-at="2023-07-22T11:24:41 IST" name="test1" finished-at="2023-07-22T11:25:01 IST" duration-ms="20175" status="PASS">
          <reporter-output>
          </reporter-output>
        </test-method> <!-- test1 -->
      </class> <!-- parallel.BaseClass -->
    </test> <!-- My Test -->
  </suite> <!-- My test suite -->
</testng-results>
